Using pre-set license
Built from '2023.2/staging' branch; Version is '2023.2.14f1 (eeca29774eb5) revision 15649321'; Using compiler version '193431935'; Build Type 'Release'
OS: 'Windows 11  (10.0.22631) 64bit Professional' Language: 'ko' Physical Memory: 65241 MB
BatchMode: 1, IsHumanControllingUs: 0, StartBugReporterOnCrash: 0, Is64bit: 1, IsPro: 1

COMMAND LINE ARGUMENTS:
C:\Program Files\Unity\Hub\Editor\2023.2.14f1\Editor\Unity.exe
-adb2
-batchMode
-noUpm
-name
AssetImportWorker3
-projectPath
C:/Users/win/My project
-logFile
Logs/AssetImportWorker3.log
-srvPort
49741
-job-worker-count
11
-background-job-worker-count
8
-asset-garbage-collectors
1
Successfully changed project path to: C:/Users/win/My project
C:/Users/win/My project
[UnityMemory] Configuration Parameters - Can be set up in boot.config
    "memorysetup-bucket-allocator-granularity=16"
    "memorysetup-bucket-allocator-bucket-count=8"
    "memorysetup-bucket-allocator-block-size=33554432"
    "memorysetup-bucket-allocator-block-count=8"
    "memorysetup-main-allocator-block-size=16777216"
    "memorysetup-thread-allocator-block-size=16777216"
    "memorysetup-gfx-main-allocator-block-size=16777216"
    "memorysetup-gfx-thread-allocator-block-size=16777216"
    "memorysetup-cache-allocator-block-size=4194304"
    "memorysetup-typetree-allocator-block-size=2097152"
    "memorysetup-profiler-bucket-allocator-granularity=16"
    "memorysetup-profiler-bucket-allocator-bucket-count=8"
    "memorysetup-profiler-bucket-allocator-block-size=33554432"
    "memorysetup-profiler-bucket-allocator-block-count=8"
    "memorysetup-profiler-allocator-block-size=16777216"
    "memorysetup-profiler-editor-allocator-block-size=1048576"
    "memorysetup-temp-allocator-size-main=16777216"
    "memorysetup-job-temp-allocator-block-size=2097152"
    "memorysetup-job-temp-allocator-block-size-background=1048576"
    "memorysetup-job-temp-allocator-reduction-small-platforms=262144"
    "memorysetup-allocator-temp-initial-block-size-main=262144"
    "memorysetup-allocator-temp-initial-block-size-worker=262144"
    "memorysetup-temp-allocator-size-background-worker=32768"
    "memorysetup-temp-allocator-size-job-worker=262144"
    "memorysetup-temp-allocator-size-preload-manager=33554432"
    "memorysetup-temp-allocator-size-nav-mesh-worker=65536"
    "memorysetup-temp-allocator-size-audio-worker=65536"
    "memorysetup-temp-allocator-size-cloud-worker=32768"
    "memorysetup-temp-allocator-size-gi-baking-worker=262144"
    "memorysetup-temp-allocator-size-gi-baking-worker=262144"
    "memorysetup-temp-allocator-size-gi-baking-worker=262144"
    "memorysetup-temp-allocator-size-gi-baking-worker=262144"
    "memorysetup-temp-allocator-size-gfx=262144"
Player connection [13996] Host "[IP] 192.168.0.105 [Port] 0 [Flags] 2 [Guid] 127189020 [EditorId] 127189020 [Version] 1048832 [Id] WindowsEditor(7,VirtualDesign08) [Debug] 1 [PackageName] WindowsEditor [ProjectName] Editor" joined multi-casting on [225.0.0.222:54997]...
Player connection [13996] Host "[IP] 192.168.0.105 [Port] 0 [Flags] 2 [Guid] 127189020 [EditorId] 127189020 [Version] 1048832 [Id] WindowsEditor(7,VirtualDesign08) [Debug] 1 [PackageName] WindowsEditor [ProjectName] Editor" joined alternative multi-casting on [225.0.0.222:34997]...
JobSystem: Creating JobQueue using job-worker-count value 11
[Physics::Module] Initialized MultithreadedJobDispatcher with 11 workers.
Library Redirect Path: Library/
Refreshing native plugins compatible for Editor in 1.88 ms, found 4 plugins.
Preloading 0 native plugins for Editor in 0.00 ms.
Initialize engine version: 2023.2.14f1 (eeca29774eb5)
[Subsystems] Discovering subsystems at path C:/Program Files/Unity/Hub/Editor/2023.2.14f1/Editor/Data/Resources/UnitySubsystems
[Subsystems] Discovering subsystems at path C:/Users/win/My project/Assets
GfxDevice: creating device client; kGfxThreadingModeNonThreaded
Direct3D:
    Version:  Direct3D 11.0 [level 11.1]
    Renderer: NVIDIA RTX A2000 12GB (ID=0x2571)
    Vendor:   NVIDIA
    VRAM:     12124 MB
    Driver:   31.0.15.3667
Initialize mono
Mono path[0] = 'C:/Program Files/Unity/Hub/Editor/2023.2.14f1/Editor/Data/Managed'
Mono path[1] = 'C:/Program Files/Unity/Hub/Editor/2023.2.14f1/Editor/Data/MonoBleedingEdge/lib/mono/unityjit-win32'
Mono config path = 'C:/Program Files/Unity/Hub/Editor/2023.2.14f1/Editor/Data/MonoBleedingEdge/etc'
Using monoOptions --debugger-agent=transport=dt_socket,embedding=1,server=y,suspend=n,address=127.0.0.1:56052
Begin MonoManager ReloadAssembly
C:\build\output\Unity-Technologies\mono\mono\metadata\icall.c:1842:
C:\build\output\Unity-Technologies\mono\mono\metadata\icall.c:1842:
C:\build\output\Unity-Technologies\mono\mono\metadata\icall.c:1842:
C:\build\output\Unity-Technologies\mono\mono\metadata\icall.c:1842:
C:\build\output\Unity-Technologies\mono\mono\metadata\icall.c:1842:
C:\build\output\Unity-Technologies\mono\mono\metadata\icall.c:1842:
C:\build\output\Unity-Technologies\mono\mono\metadata\icall.c:1842:
C:\build\output\Unity-Technologies\mono\mono\metadata\icall.c:1842:
C:\build\output\Unity-Technologies\mono\mono\metadata\icall.c:1842:
C:\build\output\Unity-Technologies\mono\mono\metadata\icall.c:1842:
Registering precompiled unity dll's ...
Register platform support module: C:/Program Files/Unity/Hub/Editor/2023.2.14f1/Editor/Data/PlaybackEngines/WindowsStandaloneSupport/UnityEditor.WindowsStandalone.Extensions.dll
Registered in 0.002358 seconds.
- Loaded All Assemblies, in  0.248 seconds
Native extension for WindowsStandalone target not found
Mono: successfully reloaded assembly
C:\build\output\Unity-Technologies\mono\mono\metadata\icall.c:1842:
C:\build\output\Unity-Technologies\mono\mono\metadata\icall.c:1842:
- Finished resetting the current domain, in  0.175 seconds
Domain Reload Profiling: 421ms
	BeginReloadAssembly (90ms)
		ExecutionOrderSort (0ms)
		DisableScriptedObjects (0ms)
		BackupInstance (0ms)
		ReleaseScriptingObjects (0ms)
		CreateAndSetChildDomain (1ms)
	RebuildCommonClasses (22ms)
	RebuildNativeTypeToScriptingClass (7ms)
	initialDomainReloadingComplete (32ms)
	LoadAllAssembliesAndSetupDomain (93ms)
		LoadAssemblies (88ms)
		RebuildTransferFunctionScriptingTraits (0ms)
		AnalyzeDomain (92ms)
			TypeCache.Refresh (91ms)
				TypeCache.ScanAssembly (82ms)
			BuildScriptInfoCaches (0ms)
			ResolveRequiredComponents (0ms)
	FinalizeReload (176ms)
		ReleaseScriptCaches (0ms)
		RebuildScriptCaches (0ms)
		SetupLoadedEditorAssemblies (144ms)
			LogAssemblyErrors (0ms)
			InitializePlatformSupportModulesInManaged (6ms)
			SetLoadedEditorAssemblies (3ms)
			BeforeProcessingInitializeOnLoad (3ms)
			ProcessInitializeOnLoadAttributes (105ms)
			ProcessInitializeOnLoadMethodAttributes (27ms)
			AfterProcessingInitializeOnLoad (0ms)
			EditorAssembliesLoaded (0ms)
		ExecutionOrderSort2 (0ms)
		AwakeInstancesAfterBackupRestoration (0ms)
========================================================================
Worker process is ready to serve import requests
Import Worker Mode flag is 0x00
Begin MonoManager ReloadAssembly
C:\build\output\Unity-Technologies\mono\mono\metadata\icall.c:1842:
C:\build\output\Unity-Technologies\mono\mono\metadata\icall.c:1842:
C:\build\output\Unity-Technologies\mono\mono\metadata\icall.c:1842:
C:\build\output\Unity-Technologies\mono\mono\metadata\icall.c:1842:
C:\build\output\Unity-Technologies\mono\mono\metadata\icall.c:1842:
C:\build\output\Unity-Technologies\mono\mono\metadata\icall.c:1842:
C:\build\output\Unity-Technologies\mono\mono\metadata\icall.c:1842:
C:\build\output\Unity-Technologies\mono\mono\metadata\icall.c:1842:
C:\build\output\Unity-Technologies\mono\mono\metadata\icall.c:1842:
C:\build\output\Unity-Technologies\mono\mono\metadata\icall.c:1842:
C:\build\output\Unity-Technologies\mono\mono\metadata\icall.c:1842:
C:\build\output\Unity-Technologies\mono\mono\metadata\icall.c:1842:
Symbol file LoadedFromMemory doesn't match image C:\Users\win\My project\Library\PackageCache\com.unity.visualscripting@1.8.0\Editor\VisualScripting.Core\Dependencies\YamlDotNet\Unity.VisualScripting.YamlDotNet.dll
Symbol file LoadedFromMemory doesn't match image C:\Users\win\My project\Library\PackageCache\com.unity.visualscripting@1.8.0\Editor\VisualScripting.Core\Dependencies\DotNetZip\Unity.VisualScripting.IonicZip.dll
- Loaded All Assemblies, in  0.524 seconds
Refreshing native plugins compatible for Editor in 1.08 ms, found 4 plugins.
Native extension for WindowsStandalone target not found
Refreshing native plugins compatible for Editor in 1.11 ms, found 4 plugins.
Mono: successfully reloaded assembly
- Finished resetting the current domain, in  0.365 seconds
Domain Reload Profiling: 886ms
	BeginReloadAssembly (209ms)
		ExecutionOrderSort (0ms)
		DisableScriptedObjects (3ms)
		BackupInstance (0ms)
		ReleaseScriptingObjects (0ms)
		CreateAndSetChildDomain (19ms)
	RebuildCommonClasses (22ms)
	RebuildNativeTypeToScriptingClass (8ms)
	initialDomainReloadingComplete (26ms)
	LoadAllAssembliesAndSetupDomain (256ms)
		LoadAssemblies (227ms)
		RebuildTransferFunctionScriptingTraits (0ms)
		AnalyzeDomain (101ms)
			TypeCache.Refresh (82ms)
				TypeCache.ScanAssembly (72ms)
			BuildScriptInfoCaches (15ms)
			ResolveRequiredComponents (2ms)
	FinalizeReload (365ms)
		ReleaseScriptCaches (0ms)
		RebuildScriptCaches (0ms)
		SetupLoadedEditorAssemblies (247ms)
			LogAssemblyErrors (0ms)
			InitializePlatformSupportModulesInManaged (2ms)
			SetLoadedEditorAssemblies (3ms)
			BeforeProcessingInitializeOnLoad (31ms)
			ProcessInitializeOnLoadAttributes (188ms)
			ProcessInitializeOnLoadMethodAttributes (20ms)
			AfterProcessingInitializeOnLoad (4ms)
			EditorAssembliesLoaded (0ms)
		ExecutionOrderSort2 (0ms)
		AwakeInstancesAfterBackupRestoration (5ms)
Launched and connected shader compiler UnityShaderCompiler.exe after 0.01 seconds
Refreshing native plugins compatible for Editor in 1.95 ms, found 4 plugins.
Preloading 0 native plugins for Editor in 0.00 ms.
Unloading 13 Unused Serialized files (Serialized files now loaded: 0)
Unloading 4127 unused Assets / (0.9 MB). Loaded Objects now: 4686.
Memory consumption went from 121.2 MB to 120.3 MB.
Total: 4.043200 ms (FindLiveObjects: 0.249500 ms CreateObjectMapping: 0.134700 ms MarkObjects: 2.903700 ms  DeleteObjects: 0.754200 ms)

========================================================================
Received Import Request.
  Time since last request: 2118.901322 seconds.
  path: Assets/Sprite/SlimeGreen/SlimeBasic_00019.png
  artifactKey: Guid(d21b0fc59371c6c4093bf6e0feb1b442) Importer(815301076,1909f56bfc062723c751e8b465ee728b)
Start importing Assets/Sprite/SlimeGreen/SlimeBasic_00019.png using Guid(d21b0fc59371c6c4093bf6e0feb1b442) Importer(815301076,1909f56bfc062723c751e8b465ee728b) (PreviewImporter) -> (artifact id: 'efb7e55f7a1ec86a3dfd8dc363cf21a1') in 0.1040205 seconds
Number of updated asset objects reloaded before import = 0Number of asset objects unloaded after import = 3

========================================================================
Received Import Request.
  Time since last request: 0.000027 seconds.
  path: Assets/Sprite/SlimeGreen/SlimeBasic_00008.png
  artifactKey: Guid(b61351a71899c43488d69b920b77ba88) Importer(815301076,1909f56bfc062723c751e8b465ee728b)
Start importing Assets/Sprite/SlimeGreen/SlimeBasic_00008.png using Guid(b61351a71899c43488d69b920b77ba88) Importer(815301076,1909f56bfc062723c751e8b465ee728b) (PreviewImporter) -> (artifact id: '86939f0d7a878334cf5873b0c9e90289') in 0.0339261 seconds
Number of updated asset objects reloaded before import = 0Number of asset objects unloaded after import = 3

========================================================================
Received Import Request.
  Time since last request: 0.000030 seconds.
  path: Assets/Sprite/SlimeGreen/SlimeBasic_00020.png
  artifactKey: Guid(fc7e086d8c6b6cb4ebdcf5700ef866f1) Importer(815301076,1909f56bfc062723c751e8b465ee728b)
Start importing Assets/Sprite/SlimeGreen/SlimeBasic_00020.png using Guid(fc7e086d8c6b6cb4ebdcf5700ef866f1) Importer(815301076,1909f56bfc062723c751e8b465ee728b) (PreviewImporter) -> (artifact id: '194c6799298c28005198adeb855c8a76') in 0.028668 seconds
Number of updated asset objects reloaded before import = 0Number of asset objects unloaded after import = 3

========================================================================
Received Import Request.
  Time since last request: 0.000017 seconds.
  path: Assets/Sprite/SlimeGreen/SlimeBasic_00004.png
  artifactKey: Guid(a984dc8f7babadb4eb36d59c980d33d3) Importer(815301076,1909f56bfc062723c751e8b465ee728b)
Start importing Assets/Sprite/SlimeGreen/SlimeBasic_00004.png using Guid(a984dc8f7babadb4eb36d59c980d33d3) Importer(815301076,1909f56bfc062723c751e8b465ee728b) (PreviewImporter) -> (artifact id: 'c61e72d28ebe0e1906a9315afefdc236') in 0.01946 seconds
Number of updated asset objects reloaded before import = 0Number of asset objects unloaded after import = 3

========================================================================
Received Import Request.
  Time since last request: 0.000049 seconds.
  path: Assets/Sprite/SlimeGreen/SlimeBasic_00003.png
  artifactKey: Guid(7b5734e0629b29240a07b287c043be8c) Importer(815301076,1909f56bfc062723c751e8b465ee728b)
Start importing Assets/Sprite/SlimeGreen/SlimeBasic_00003.png using Guid(7b5734e0629b29240a07b287c043be8c) Importer(815301076,1909f56bfc062723c751e8b465ee728b) (PreviewImporter) -> (artifact id: '18449e0648b669a59cccc58086cc576c') in 0.0167793 seconds
Number of updated asset objects reloaded before import = 0Number of asset objects unloaded after import = 3

========================================================================
Received Import Request.
  Time since last request: 0.000026 seconds.
  path: Assets/Sprite/SlimeGreen/SlimeBasic_00016.png
  artifactKey: Guid(f899bf5784f808047a04d3e10f2342ed) Importer(815301076,1909f56bfc062723c751e8b465ee728b)
Start importing Assets/Sprite/SlimeGreen/SlimeBasic_00016.png using Guid(f899bf5784f808047a04d3e10f2342ed) Importer(815301076,1909f56bfc062723c751e8b465ee728b) (PreviewImporter) -> (artifact id: 'ad4e75e3abc97d7a3b2362b1e47144ff') in 0.0182334 seconds
Number of updated asset objects reloaded before import = 0Number of asset objects unloaded after import = 3

========================================================================
Received Import Request.
  Time since last request: 0.000014 seconds.
  path: Assets/Sprite/SlimeGreen/SlimeBasic_00009.png
  artifactKey: Guid(869b302ed6f726145aeaac99fa2b48cd) Importer(815301076,1909f56bfc062723c751e8b465ee728b)
Start importing Assets/Sprite/SlimeGreen/SlimeBasic_00009.png using Guid(869b302ed6f726145aeaac99fa2b48cd) Importer(815301076,1909f56bfc062723c751e8b465ee728b) (PreviewImporter) -> (artifact id: 'bb072f1294bd3937faa48e1b7f89a895') in 0.0286339 seconds
Number of updated asset objects reloaded before import = 0Number of asset objects unloaded after import = 3

========================================================================
Received Import Request.
  Time since last request: 0.000043 seconds.
  path: Assets/Sprite/SlimeGreen/SlimeBasic_00012.png
  artifactKey: Guid(a15aab5dd698f894b8d800e8d6727029) Importer(815301076,1909f56bfc062723c751e8b465ee728b)
Start importing Assets/Sprite/SlimeGreen/SlimeBasic_00012.png using Guid(a15aab5dd698f894b8d800e8d6727029) Importer(815301076,1909f56bfc062723c751e8b465ee728b) (PreviewImporter) -> (artifact id: 'e0c03b86ad7f0488f2fed681b11befe4') in 0.0184828 seconds
Number of updated asset objects reloaded before import = 0Number of asset objects unloaded after import = 3

========================================================================
Received Import Request.
  Time since last request: 0.000020 seconds.
  path: Assets/Sprite/SlimeGreen/SlimeBasic_00014.png
  artifactKey: Guid(17b66b2d93753b042a1d73b996978c5f) Importer(815301076,1909f56bfc062723c751e8b465ee728b)
Start importing Assets/Sprite/SlimeGreen/SlimeBasic_00014.png using Guid(17b66b2d93753b042a1d73b996978c5f) Importer(815301076,1909f56bfc062723c751e8b465ee728b) (PreviewImporter) -> (artifact id: '316715bd0ba66ff0e410770afb1555af') in 0.0127808 seconds
Number of updated asset objects reloaded before import = 0Number of asset objects unloaded after import = 3

========================================================================
Received Import Request.
  Time since last request: 0.000015 seconds.
  path: Assets/Sprite/SlimeGreen/SlimeBasic_00027.png
  artifactKey: Guid(316ed013540960647853b1a0b154a92c) Importer(815301076,1909f56bfc062723c751e8b465ee728b)
Start importing Assets/Sprite/SlimeGreen/SlimeBasic_00027.png using Guid(316ed013540960647853b1a0b154a92c) Importer(815301076,1909f56bfc062723c751e8b465ee728b) (PreviewImporter) -> (artifact id: 'd8fada50e1affdb7a37355cc1bc65af3') in 0.0103282 seconds
Number of updated asset objects reloaded before import = 0Number of asset objects unloaded after import = 3

========================================================================
Received Import Request.
  Time since last request: 0.000037 seconds.
  path: Assets/Sprite/SlimeGreen/SlimeBasic_00002.png
  artifactKey: Guid(0be3a1681fe6bc048abdc630e7fab048) Importer(815301076,1909f56bfc062723c751e8b465ee728b)
Start importing Assets/Sprite/SlimeGreen/SlimeBasic_00002.png using Guid(0be3a1681fe6bc048abdc630e7fab048) Importer(815301076,1909f56bfc062723c751e8b465ee728b) (PreviewImporter) -> (artifact id: 'f42cc56c418214152993a0971f994867') in 0.0116538 seconds
Number of updated asset objects reloaded before import = 0Number of asset objects unloaded after import = 3

========================================================================
Received Import Request.
  Time since last request: 0.000027 seconds.
  path: Assets/Sprite/SlimeGreen/SlimeBasic_00017.png
  artifactKey: Guid(ffce7a29c0ab809409b9a7aaa3619462) Importer(815301076,1909f56bfc062723c751e8b465ee728b)
Start importing Assets/Sprite/SlimeGreen/SlimeBasic_00017.png using Guid(ffce7a29c0ab809409b9a7aaa3619462) Importer(815301076,1909f56bfc062723c751e8b465ee728b) (PreviewImporter) -> (artifact id: 'c426a35b55afe3c9a98f3008024ee52e') in 0.0107686 seconds
Number of updated asset objects reloaded before import = 0Number of asset objects unloaded after import = 3

========================================================================
Received Import Request.
  Time since last request: 0.000015 seconds.
  path: Assets/Sprite/SlimeGreen/SlimeBasic_00021.png
  artifactKey: Guid(dd95fd5986dae9943a8ed58558576e8b) Importer(815301076,1909f56bfc062723c751e8b465ee728b)
Start importing Assets/Sprite/SlimeGreen/SlimeBasic_00021.png using Guid(dd95fd5986dae9943a8ed58558576e8b) Importer(815301076,1909f56bfc062723c751e8b465ee728b) (PreviewImporter) -> (artifact id: '1671098bb589c827d4a365d95be0449c') in 0.0107825 seconds
Number of updated asset objects reloaded before import = 0Number of asset objects unloaded after import = 3

========================================================================
Received Import Request.
  Time since last request: 0.000015 seconds.
  path: Assets/Sprite/SlimeGreen/SlimeBasic_00028.png
  artifactKey: Guid(f3be47278bc0e794fbfe9243d1febb24) Importer(815301076,1909f56bfc062723c751e8b465ee728b)
Start importing Assets/Sprite/SlimeGreen/SlimeBasic_00028.png using Guid(f3be47278bc0e794fbfe9243d1febb24) Importer(815301076,1909f56bfc062723c751e8b465ee728b) (PreviewImporter) -> (artifact id: '9a7b4cece319fb9540d685519cef50bb') in 0.0111222 seconds
Number of updated asset objects reloaded before import = 0Number of asset objects unloaded after import = 3

========================================================================
Received Import Request.
  Time since last request: 0.000049 seconds.
  path: Assets/Sprite/SlimeGreen/SlimeBasic_00015.png
  artifactKey: Guid(f3210daff70a63f4da74a497e18f6351) Importer(815301076,1909f56bfc062723c751e8b465ee728b)
Start importing Assets/Sprite/SlimeGreen/SlimeBasic_00015.png using Guid(f3210daff70a63f4da74a497e18f6351) Importer(815301076,1909f56bfc062723c751e8b465ee728b) (PreviewImporter) -> (artifact id: '3009d2e94d7e6c9cdfd01c145b9d1756') in 0.0109285 seconds
Number of updated asset objects reloaded before import = 0Number of asset objects unloaded after import = 3

========================================================================
Received Import Request.
  Time since last request: 33.358855 seconds.
  path: Assets/Sprite/SlimeGreen/SlimeBasic_00001.png
  artifactKey: Guid(043af28648a7d85459ec0b2bb2495317) Importer(815301076,1909f56bfc062723c751e8b465ee728b)
Start importing Assets/Sprite/SlimeGreen/SlimeBasic_00001.png using Guid(043af28648a7d85459ec0b2bb2495317) Importer(815301076,1909f56bfc062723c751e8b465ee728b) (PreviewImporter) -> (artifact id: '6adc51f2c37a30dadc28602311864a74') in 0.0206947 seconds
Number of updated asset objects reloaded before import = 0Number of asset objects unloaded after import = 3

========================================================================
Received Import Request.
  Time since last request: 0.000048 seconds.
  path: Assets/Sprite/SlimeGreen/SlimeBasic_00008.png
  artifactKey: Guid(b61351a71899c43488d69b920b77ba88) Importer(815301076,1909f56bfc062723c751e8b465ee728b)
Start importing Assets/Sprite/SlimeGreen/SlimeBasic_00008.png using Guid(b61351a71899c43488d69b920b77ba88) Importer(815301076,1909f56bfc062723c751e8b465ee728b) (PreviewImporter) -> (artifact id: 'ac100fe03aac88339f7154d790be02b4') in 0.0640909 seconds
Number of updated asset objects reloaded before import = 0Number of asset objects unloaded after import = 3

========================================================================
Received Import Request.
  Time since last request: 0.000015 seconds.
  path: Assets/Sprite/SlimeGreen/SlimeBasic_00020.png
  artifactKey: Guid(fc7e086d8c6b6cb4ebdcf5700ef866f1) Importer(815301076,1909f56bfc062723c751e8b465ee728b)
Start importing Assets/Sprite/SlimeGreen/SlimeBasic_00020.png using Guid(fc7e086d8c6b6cb4ebdcf5700ef866f1) Importer(815301076,1909f56bfc062723c751e8b465ee728b) (PreviewImporter) -> (artifact id: '1930af92702cb9bf6cc01b80c89f7f7d') in 0.0567699 seconds
Number of updated asset objects reloaded before import = 0Number of asset objects unloaded after import = 3

========================================================================
Received Import Request.
  Time since last request: 0.000031 seconds.
  path: Assets/Sprite/SlimeGreen/SlimeBasic_00018.png
  artifactKey: Guid(a9858b6f509e45c429e930f485814ec8) Importer(815301076,1909f56bfc062723c751e8b465ee728b)
Start importing Assets/Sprite/SlimeGreen/SlimeBasic_00018.png using Guid(a9858b6f509e45c429e930f485814ec8) Importer(815301076,1909f56bfc062723c751e8b465ee728b) (PreviewImporter) -> (artifact id: '24b1925aeb0bd2de10e096656aec5b0f') in 0.0597907 seconds
Number of updated asset objects reloaded before import = 0Number of asset objects unloaded after import = 3

========================================================================
Received Import Request.
  Time since last request: 0.000015 seconds.
  path: Assets/Sprite/SlimeGreen/SlimeBasic_00014.png
  artifactKey: Guid(17b66b2d93753b042a1d73b996978c5f) Importer(815301076,1909f56bfc062723c751e8b465ee728b)
Start importing Assets/Sprite/SlimeGreen/SlimeBasic_00014.png using Guid(17b66b2d93753b042a1d73b996978c5f) Importer(815301076,1909f56bfc062723c751e8b465ee728b) (PreviewImporter) -> (artifact id: '2c6385a708d9b98d9f6efc5023351225') in 0.0099051 seconds
Number of updated asset objects reloaded before import = 0Number of asset objects unloaded after import = 3

========================================================================
Received Import Request.
  Time since last request: 0.000058 seconds.
  path: Assets/Sprite/SlimeGreen/SlimeBasic_00024.png
  artifactKey: Guid(fef85fd92c795bf49a4cb1183c8c32de) Importer(815301076,1909f56bfc062723c751e8b465ee728b)
Start importing Assets/Sprite/SlimeGreen/SlimeBasic_00024.png using Guid(fef85fd92c795bf49a4cb1183c8c32de) Importer(815301076,1909f56bfc062723c751e8b465ee728b) (PreviewImporter) -> (artifact id: '661327ec6d2603016c230e0460778398') in 0.0105485 seconds
Number of updated asset objects reloaded before import = 0Number of asset objects unloaded after import = 3

Editor requested this worker to shutdown with reason: Scaling down because of idle timeout
AssetImportWorker is now disconnected from the server
Process exiting
Exiting without the bug reporter. Application will terminate with return code 0