Using pre-set license
Built from '2023.2/staging' branch; Version is '2023.2.14f1 (eeca29774eb5) revision 15649321'; Using compiler version '193431935'; Build Type 'Release'
OS: 'Windows 11  (10.0.22631) 64bit Professional' Language: 'ko' Physical Memory: 65241 MB
BatchMode: 1, IsHumanControllingUs: 0, StartBugReporterOnCrash: 0, Is64bit: 1, IsPro: 1

COMMAND LINE ARGUMENTS:
C:\Program Files\Unity\Hub\Editor\2023.2.14f1\Editor\Unity.exe
-adb2
-batchMode
-noUpm
-name
AssetImportWorker5
-projectPath
C:/Users/win/My project
-logFile
Logs/AssetImportWorker5.log
-srvPort
49741
-job-worker-count
11
-background-job-worker-count
8
-asset-garbage-collectors
1
Successfully changed project path to: C:/Users/win/My project
C:/Users/win/My project
[UnityMemory] Configuration Parameters - Can be set up in boot.config
    "memorysetup-bucket-allocator-granularity=16"
    "memorysetup-bucket-allocator-bucket-count=8"
    "memorysetup-bucket-allocator-block-size=33554432"
    "memorysetup-bucket-allocator-block-count=8"
    "memorysetup-main-allocator-block-size=16777216"
    "memorysetup-thread-allocator-block-size=16777216"
    "memorysetup-gfx-main-allocator-block-size=16777216"
    "memorysetup-gfx-thread-allocator-block-size=16777216"
    "memorysetup-cache-allocator-block-size=4194304"
    "memorysetup-typetree-allocator-block-size=2097152"
    "memorysetup-profiler-bucket-allocator-granularity=16"
    "memorysetup-profiler-bucket-allocator-bucket-count=8"
    "memorysetup-profiler-bucket-allocator-block-size=33554432"
    "memorysetup-profiler-bucket-allocator-block-count=8"
    "memorysetup-profiler-allocator-block-size=16777216"
    "memorysetup-profiler-editor-allocator-block-size=1048576"
    "memorysetup-temp-allocator-size-main=16777216"
    "memorysetup-job-temp-allocator-block-size=2097152"
    "memorysetup-job-temp-allocator-block-size-background=1048576"
    "memorysetup-job-temp-allocator-reduction-small-platforms=262144"
    "memorysetup-allocator-temp-initial-block-size-main=262144"
    "memorysetup-allocator-temp-initial-block-size-worker=262144"
    "memorysetup-temp-allocator-size-background-worker=32768"
    "memorysetup-temp-allocator-size-job-worker=262144"
    "memorysetup-temp-allocator-size-preload-manager=33554432"
    "memorysetup-temp-allocator-size-nav-mesh-worker=65536"
    "memorysetup-temp-allocator-size-audio-worker=65536"
    "memorysetup-temp-allocator-size-cloud-worker=32768"
    "memorysetup-temp-allocator-size-gi-baking-worker=262144"
    "memorysetup-temp-allocator-size-gi-baking-worker=262144"
    "memorysetup-temp-allocator-size-gi-baking-worker=262144"
    "memorysetup-temp-allocator-size-gi-baking-worker=262144"
    "memorysetup-temp-allocator-size-gfx=262144"
Player connection [17584] Host "[IP] 192.168.0.105 [Port] 0 [Flags] 2 [Guid] 3924757552 [EditorId] 3924757552 [Version] 1048832 [Id] WindowsEditor(7,VirtualDesign08) [Debug] 1 [PackageName] WindowsEditor [ProjectName] Editor" joined multi-casting on [225.0.0.222:54997]...
Player connection [17584] Host "[IP] 192.168.0.105 [Port] 0 [Flags] 2 [Guid] 3924757552 [EditorId] 3924757552 [Version] 1048832 [Id] WindowsEditor(7,VirtualDesign08) [Debug] 1 [PackageName] WindowsEditor [ProjectName] Editor" joined alternative multi-casting on [225.0.0.222:34997]...
JobSystem: Creating JobQueue using job-worker-count value 11
[Physics::Module] Initialized MultithreadedJobDispatcher with 11 workers.
Library Redirect Path: Library/
Refreshing native plugins compatible for Editor in 1.67 ms, found 4 plugins.
Preloading 0 native plugins for Editor in 0.00 ms.
Initialize engine version: 2023.2.14f1 (eeca29774eb5)
[Subsystems] Discovering subsystems at path C:/Program Files/Unity/Hub/Editor/2023.2.14f1/Editor/Data/Resources/UnitySubsystems
[Subsystems] Discovering subsystems at path C:/Users/win/My project/Assets
GfxDevice: creating device client; kGfxThreadingModeNonThreaded
Direct3D:
    Version:  Direct3D 11.0 [level 11.1]
    Renderer: NVIDIA RTX A2000 12GB (ID=0x2571)
    Vendor:   NVIDIA
    VRAM:     12124 MB
    Driver:   31.0.15.3667
Initialize mono
Mono path[0] = 'C:/Program Files/Unity/Hub/Editor/2023.2.14f1/Editor/Data/Managed'
Mono path[1] = 'C:/Program Files/Unity/Hub/Editor/2023.2.14f1/Editor/Data/MonoBleedingEdge/lib/mono/unityjit-win32'
Mono config path = 'C:/Program Files/Unity/Hub/Editor/2023.2.14f1/Editor/Data/MonoBleedingEdge/etc'
Using monoOptions --debugger-agent=transport=dt_socket,embedding=1,server=y,suspend=n,address=127.0.0.1:56212
Begin MonoManager ReloadAssembly
C:\build\output\Unity-Technologies\mono\mono\metadata\icall.c:1842:
C:\build\output\Unity-Technologies\mono\mono\metadata\icall.c:1842:
C:\build\output\Unity-Technologies\mono\mono\metadata\icall.c:1842:
C:\build\output\Unity-Technologies\mono\mono\metadata\icall.c:1842:
C:\build\output\Unity-Technologies\mono\mono\metadata\icall.c:1842:
C:\build\output\Unity-Technologies\mono\mono\metadata\icall.c:1842:
C:\build\output\Unity-Technologies\mono\mono\metadata\icall.c:1842:
C:\build\output\Unity-Technologies\mono\mono\metadata\icall.c:1842:
C:\build\output\Unity-Technologies\mono\mono\metadata\icall.c:1842:
C:\build\output\Unity-Technologies\mono\mono\metadata\icall.c:1842:
Registering precompiled unity dll's ...
Register platform support module: C:/Program Files/Unity/Hub/Editor/2023.2.14f1/Editor/Data/PlaybackEngines/WindowsStandaloneSupport/UnityEditor.WindowsStandalone.Extensions.dll
Registered in 0.002615 seconds.
- Loaded All Assemblies, in  0.249 seconds
Native extension for WindowsStandalone target not found
Mono: successfully reloaded assembly
C:\build\output\Unity-Technologies\mono\mono\metadata\icall.c:1842:
C:\build\output\Unity-Technologies\mono\mono\metadata\icall.c:1842:
- Finished resetting the current domain, in  0.176 seconds
Domain Reload Profiling: 423ms
	BeginReloadAssembly (91ms)
		ExecutionOrderSort (0ms)
		DisableScriptedObjects (0ms)
		BackupInstance (0ms)
		ReleaseScriptingObjects (0ms)
		CreateAndSetChildDomain (0ms)
	RebuildCommonClasses (22ms)
	RebuildNativeTypeToScriptingClass (7ms)
	initialDomainReloadingComplete (32ms)
	LoadAllAssembliesAndSetupDomain (95ms)
		LoadAssemblies (88ms)
		RebuildTransferFunctionScriptingTraits (0ms)
		AnalyzeDomain (93ms)
			TypeCache.Refresh (93ms)
				TypeCache.ScanAssembly (84ms)
			BuildScriptInfoCaches (0ms)
			ResolveRequiredComponents (0ms)
	FinalizeReload (177ms)
		ReleaseScriptCaches (0ms)
		RebuildScriptCaches (0ms)
		SetupLoadedEditorAssemblies (145ms)
			LogAssemblyErrors (0ms)
			InitializePlatformSupportModulesInManaged (5ms)
			SetLoadedEditorAssemblies (3ms)
			BeforeProcessingInitializeOnLoad (4ms)
			ProcessInitializeOnLoadAttributes (107ms)
			ProcessInitializeOnLoadMethodAttributes (26ms)
			AfterProcessingInitializeOnLoad (0ms)
			EditorAssembliesLoaded (0ms)
		ExecutionOrderSort2 (0ms)
		AwakeInstancesAfterBackupRestoration (0ms)
========================================================================
Worker process is ready to serve import requests
Import Worker Mode flag is 0x00
Begin MonoManager ReloadAssembly
C:\build\output\Unity-Technologies\mono\mono\metadata\icall.c:1842:
C:\build\output\Unity-Technologies\mono\mono\metadata\icall.c:1842:
C:\build\output\Unity-Technologies\mono\mono\metadata\icall.c:1842:
C:\build\output\Unity-Technologies\mono\mono\metadata\icall.c:1842:
C:\build\output\Unity-Technologies\mono\mono\metadata\icall.c:1842:
C:\build\output\Unity-Technologies\mono\mono\metadata\icall.c:1842:
C:\build\output\Unity-Technologies\mono\mono\metadata\icall.c:1842:
C:\build\output\Unity-Technologies\mono\mono\metadata\icall.c:1842:
C:\build\output\Unity-Technologies\mono\mono\metadata\icall.c:1842:
C:\build\output\Unity-Technologies\mono\mono\metadata\icall.c:1842:
C:\build\output\Unity-Technologies\mono\mono\metadata\icall.c:1842:
C:\build\output\Unity-Technologies\mono\mono\metadata\icall.c:1842:
Symbol file LoadedFromMemory doesn't match image C:\Users\win\My project\Library\PackageCache\com.unity.visualscripting@1.8.0\Editor\VisualScripting.Core\Dependencies\YamlDotNet\Unity.VisualScripting.YamlDotNet.dll
Symbol file LoadedFromMemory doesn't match image C:\Users\win\My project\Library\PackageCache\com.unity.visualscripting@1.8.0\Editor\VisualScripting.Core\Dependencies\DotNetZip\Unity.VisualScripting.IonicZip.dll
- Loaded All Assemblies, in  0.522 seconds
Refreshing native plugins compatible for Editor in 0.96 ms, found 4 plugins.
Native extension for WindowsStandalone target not found
Refreshing native plugins compatible for Editor in 0.96 ms, found 4 plugins.
Mono: successfully reloaded assembly
- Finished resetting the current domain, in  0.369 seconds
Domain Reload Profiling: 887ms
	BeginReloadAssembly (210ms)
		ExecutionOrderSort (0ms)
		DisableScriptedObjects (3ms)
		BackupInstance (0ms)
		ReleaseScriptingObjects (0ms)
		CreateAndSetChildDomain (19ms)
	RebuildCommonClasses (21ms)
	RebuildNativeTypeToScriptingClass (8ms)
	initialDomainReloadingComplete (26ms)
	LoadAllAssembliesAndSetupDomain (254ms)
		LoadAssemblies (222ms)
		RebuildTransferFunctionScriptingTraits (0ms)
		AnalyzeDomain (101ms)
			TypeCache.Refresh (82ms)
				TypeCache.ScanAssembly (72ms)
			BuildScriptInfoCaches (15ms)
			ResolveRequiredComponents (2ms)
	FinalizeReload (369ms)
		ReleaseScriptCaches (0ms)
		RebuildScriptCaches (0ms)
		SetupLoadedEditorAssemblies (250ms)
			LogAssemblyErrors (0ms)
			InitializePlatformSupportModulesInManaged (1ms)
			SetLoadedEditorAssemblies (3ms)
			BeforeProcessingInitializeOnLoad (34ms)
			ProcessInitializeOnLoadAttributes (186ms)
			ProcessInitializeOnLoadMethodAttributes (21ms)
			AfterProcessingInitializeOnLoad (4ms)
			EditorAssembliesLoaded (0ms)
		ExecutionOrderSort2 (0ms)
		AwakeInstancesAfterBackupRestoration (6ms)
Launched and connected shader compiler UnityShaderCompiler.exe after 0.01 seconds
Refreshing native plugins compatible for Editor in 1.07 ms, found 4 plugins.
Preloading 0 native plugins for Editor in 0.00 ms.
Unloading 13 Unused Serialized files (Serialized files now loaded: 0)
Unloading 4127 unused Assets / (1.4 MB). Loaded Objects now: 4686.
Memory consumption went from 121.2 MB to 119.8 MB.
Total: 5.922300 ms (FindLiveObjects: 0.256600 ms CreateObjectMapping: 0.167500 ms MarkObjects: 4.235600 ms  DeleteObjects: 1.261600 ms)

========================================================================
Received Import Request.
  Time since last request: 2118.923732 seconds.
  path: Assets/Sprite/SlimeGreen/SlimeBasic_00000.png
  artifactKey: Guid(025ad6878ec339a4eb7fb3acd22ad821) Importer(815301076,1909f56bfc062723c751e8b465ee728b)
Start importing Assets/Sprite/SlimeGreen/SlimeBasic_00000.png using Guid(025ad6878ec339a4eb7fb3acd22ad821) Importer(815301076,1909f56bfc062723c751e8b465ee728b) (PreviewImporter) -> (artifact id: 'a5ebcf477c1ecbdc25d87c1e1965aec9') in 0.0832797 seconds
Number of updated asset objects reloaded before import = 0Number of asset objects unloaded after import = 3

========================================================================
Received Import Request.
  Time since last request: 0.000033 seconds.
  path: Assets/Sprite/SlimeGreen/SlimeBasic_00023.png
  artifactKey: Guid(5037c7eeb7c451647890aa5da3a699e6) Importer(815301076,1909f56bfc062723c751e8b465ee728b)
Start importing Assets/Sprite/SlimeGreen/SlimeBasic_00023.png using Guid(5037c7eeb7c451647890aa5da3a699e6) Importer(815301076,1909f56bfc062723c751e8b465ee728b) (PreviewImporter) -> (artifact id: 'b53613b7a3740919bdae903a8bb183e1') in 0.0344642 seconds
Number of updated asset objects reloaded before import = 0Number of asset objects unloaded after import = 3

========================================================================
Received Import Request.
  Time since last request: 0.000070 seconds.
  path: Assets/Sprite/SlimeGreen/SlimeBasic_00022.png
  artifactKey: Guid(eed4a926becbefc4fa2e89c1c661fe4d) Importer(815301076,1909f56bfc062723c751e8b465ee728b)
Start importing Assets/Sprite/SlimeGreen/SlimeBasic_00022.png using Guid(eed4a926becbefc4fa2e89c1c661fe4d) Importer(815301076,1909f56bfc062723c751e8b465ee728b) (PreviewImporter) -> (artifact id: 'f6cc7a356abf65f858db91a3a0624df5') in 0.0274746 seconds
Number of updated asset objects reloaded before import = 0Number of asset objects unloaded after import = 3

========================================================================
Received Import Request.
  Time since last request: 0.000067 seconds.
  path: Assets/Sprite/SlimeGreen/SlimeBasic_00010.png
  artifactKey: Guid(62500ecfb5732f645a3b53465e1059a1) Importer(815301076,1909f56bfc062723c751e8b465ee728b)
Start importing Assets/Sprite/SlimeGreen/SlimeBasic_00010.png using Guid(62500ecfb5732f645a3b53465e1059a1) Importer(815301076,1909f56bfc062723c751e8b465ee728b) (PreviewImporter) -> (artifact id: '196956cafa431e328ce78979c54dd652') in 0.0147321 seconds
Number of updated asset objects reloaded before import = 0Number of asset objects unloaded after import = 3

========================================================================
Received Import Request.
  Time since last request: 0.000020 seconds.
  path: Assets/Sprite/SlimeGreen/SlimeBasic_00006.png
  artifactKey: Guid(66ab27de233254c469cf08e14186e3e4) Importer(815301076,1909f56bfc062723c751e8b465ee728b)
Start importing Assets/Sprite/SlimeGreen/SlimeBasic_00006.png using Guid(66ab27de233254c469cf08e14186e3e4) Importer(815301076,1909f56bfc062723c751e8b465ee728b) (PreviewImporter) -> (artifact id: '7c2e270cc36321751e8e5bd3b9e5d0bf') in 0.0195135 seconds
Number of updated asset objects reloaded before import = 0Number of asset objects unloaded after import = 3

========================================================================
Received Import Request.
  Time since last request: 0.000013 seconds.
  path: Assets/Sprite/SlimeGreen/SlimeBasic_00007.png
  artifactKey: Guid(7c95c6cbd68096448b6f4bd83b3bb030) Importer(815301076,1909f56bfc062723c751e8b465ee728b)
Start importing Assets/Sprite/SlimeGreen/SlimeBasic_00007.png using Guid(7c95c6cbd68096448b6f4bd83b3bb030) Importer(815301076,1909f56bfc062723c751e8b465ee728b) (PreviewImporter) -> (artifact id: '33ed5e0cccc99a58083b0b92f36a97f1') in 0.0174171 seconds
Number of updated asset objects reloaded before import = 0Number of asset objects unloaded after import = 3

========================================================================
Received Import Request.
  Time since last request: 0.000060 seconds.
  path: Assets/Sprite/SlimeGreen/SlimeBasic_00018.png
  artifactKey: Guid(a9858b6f509e45c429e930f485814ec8) Importer(815301076,1909f56bfc062723c751e8b465ee728b)
Start importing Assets/Sprite/SlimeGreen/SlimeBasic_00018.png using Guid(a9858b6f509e45c429e930f485814ec8) Importer(815301076,1909f56bfc062723c751e8b465ee728b) (PreviewImporter) -> (artifact id: '8bc336a3029248de371f7172ad770d0d') in 0.0314341 seconds
Number of updated asset objects reloaded before import = 0Number of asset objects unloaded after import = 3

========================================================================
Received Import Request.
  Time since last request: 0.000015 seconds.
  path: Assets/Sprite/SlimeGreen/SlimeBasic_00005.png
  artifactKey: Guid(499906629e566b847bb47385f80af1cd) Importer(815301076,1909f56bfc062723c751e8b465ee728b)
Start importing Assets/Sprite/SlimeGreen/SlimeBasic_00005.png using Guid(499906629e566b847bb47385f80af1cd) Importer(815301076,1909f56bfc062723c751e8b465ee728b) (PreviewImporter) -> (artifact id: '2f4aaf8740e4c961b72ba354dbabfe07') in 0.016296 seconds
Number of updated asset objects reloaded before import = 0Number of asset objects unloaded after import = 3

========================================================================
Received Import Request.
  Time since last request: 0.000025 seconds.
  path: Assets/Sprite/SlimeGreen/SlimeBasic_00026.png
  artifactKey: Guid(fa273fdcc026d744c85d145565e8600d) Importer(815301076,1909f56bfc062723c751e8b465ee728b)
Start importing Assets/Sprite/SlimeGreen/SlimeBasic_00026.png using Guid(fa273fdcc026d744c85d145565e8600d) Importer(815301076,1909f56bfc062723c751e8b465ee728b) (PreviewImporter) -> (artifact id: 'fad894d20dbfd6df878aed1a34566e2f') in 0.0128985 seconds
Number of updated asset objects reloaded before import = 0Number of asset objects unloaded after import = 3

========================================================================
Received Import Request.
  Time since last request: 0.000014 seconds.
  path: Assets/Sprite/SlimeGreen/SlimeBasic_00011.png
  artifactKey: Guid(7357f82e0c2709047909efb79cb8ce13) Importer(815301076,1909f56bfc062723c751e8b465ee728b)
Start importing Assets/Sprite/SlimeGreen/SlimeBasic_00011.png using Guid(7357f82e0c2709047909efb79cb8ce13) Importer(815301076,1909f56bfc062723c751e8b465ee728b) (PreviewImporter) -> (artifact id: '4d6d4aea2d421caa76afcffe9d718641') in 0.013551 seconds
Number of updated asset objects reloaded before import = 0Number of asset objects unloaded after import = 3

========================================================================
Received Import Request.
  Time since last request: 0.000016 seconds.
  path: Assets/Sprite/SlimeGreen/SlimeBasic_00013.png
  artifactKey: Guid(ba8fa84a9cd04cf4e8efb4ea5e281c25) Importer(815301076,1909f56bfc062723c751e8b465ee728b)
Start importing Assets/Sprite/SlimeGreen/SlimeBasic_00013.png using Guid(ba8fa84a9cd04cf4e8efb4ea5e281c25) Importer(815301076,1909f56bfc062723c751e8b465ee728b) (PreviewImporter) -> (artifact id: '0eb082436f2e0e576f94a17ff5978168') in 0.0097707 seconds
Number of updated asset objects reloaded before import = 0Number of asset objects unloaded after import = 3

========================================================================
Received Import Request.
  Time since last request: 0.000020 seconds.
  path: Assets/Sprite/SlimeGreen/SlimeBasic_00024.png
  artifactKey: Guid(fef85fd92c795bf49a4cb1183c8c32de) Importer(815301076,1909f56bfc062723c751e8b465ee728b)
Start importing Assets/Sprite/SlimeGreen/SlimeBasic_00024.png using Guid(fef85fd92c795bf49a4cb1183c8c32de) Importer(815301076,1909f56bfc062723c751e8b465ee728b) (PreviewImporter) -> (artifact id: '36e99db9e701df8d4b61ad1c83edc93a') in 0.0094557 seconds
Number of updated asset objects reloaded before import = 0Number of asset objects unloaded after import = 3

========================================================================
Received Import Request.
  Time since last request: 0.000017 seconds.
  path: Assets/Sprite/SlimeGreen/SlimeBasic_00029.png
  artifactKey: Guid(882283817b8cabc40bebaa263ae40b1e) Importer(815301076,1909f56bfc062723c751e8b465ee728b)
Start importing Assets/Sprite/SlimeGreen/SlimeBasic_00029.png using Guid(882283817b8cabc40bebaa263ae40b1e) Importer(815301076,1909f56bfc062723c751e8b465ee728b) (PreviewImporter) -> (artifact id: '2009f9d807428da51b4827f9f1c0c282') in 0.0108738 seconds
Number of updated asset objects reloaded before import = 0Number of asset objects unloaded after import = 3

========================================================================
Received Import Request.
  Time since last request: 0.000020 seconds.
  path: Assets/Sprite/SlimeGreen/SlimeBasic_00001.png
  artifactKey: Guid(043af28648a7d85459ec0b2bb2495317) Importer(815301076,1909f56bfc062723c751e8b465ee728b)
Start importing Assets/Sprite/SlimeGreen/SlimeBasic_00001.png using Guid(043af28648a7d85459ec0b2bb2495317) Importer(815301076,1909f56bfc062723c751e8b465ee728b) (PreviewImporter) -> (artifact id: '93915223e214b135ba9621db97e3325a') in 0.0111311 seconds
Number of updated asset objects reloaded before import = 0Number of asset objects unloaded after import = 3

========================================================================
Received Import Request.
  Time since last request: 0.000041 seconds.
  path: Assets/Sprite/SlimeGreen/SlimeBasic_00025.png
  artifactKey: Guid(42cff6e6a9225844aa6a42adee7255b6) Importer(815301076,1909f56bfc062723c751e8b465ee728b)
Start importing Assets/Sprite/SlimeGreen/SlimeBasic_00025.png using Guid(42cff6e6a9225844aa6a42adee7255b6) Importer(815301076,1909f56bfc062723c751e8b465ee728b) (PreviewImporter) -> (artifact id: '9f8f586eb2e378e17abd874bb3c0e45d') in 0.0110802 seconds
Number of updated asset objects reloaded before import = 0Number of asset objects unloaded after import = 3

========================================================================
Received Import Request.
  Time since last request: 33.358696 seconds.
  path: Assets/Sprite/SlimeGreen/SlimeBasic_00002.png
  artifactKey: Guid(0be3a1681fe6bc048abdc630e7fab048) Importer(815301076,1909f56bfc062723c751e8b465ee728b)
Start importing Assets/Sprite/SlimeGreen/SlimeBasic_00002.png using Guid(0be3a1681fe6bc048abdc630e7fab048) Importer(815301076,1909f56bfc062723c751e8b465ee728b) (PreviewImporter) -> (artifact id: '1a97a149af87a738ef3c4b6b3d545f93') in 0.0248235 seconds
Number of updated asset objects reloaded before import = 0Number of asset objects unloaded after import = 3

========================================================================
Received Import Request.
  Time since last request: 0.000016 seconds.
  path: Assets/Sprite/SlimeGreen/SlimeBasic_00023.png
  artifactKey: Guid(5037c7eeb7c451647890aa5da3a699e6) Importer(815301076,1909f56bfc062723c751e8b465ee728b)
Start importing Assets/Sprite/SlimeGreen/SlimeBasic_00023.png using Guid(5037c7eeb7c451647890aa5da3a699e6) Importer(815301076,1909f56bfc062723c751e8b465ee728b) (PreviewImporter) -> (artifact id: '5515cc37827a1e81af1ec16772b8d283') in 0.0612506 seconds
Number of updated asset objects reloaded before import = 0Number of asset objects unloaded after import = 3

========================================================================
Received Import Request.
  Time since last request: 0.000021 seconds.
  path: Assets/Sprite/SlimeGreen/SlimeBasic_00022.png
  artifactKey: Guid(eed4a926becbefc4fa2e89c1c661fe4d) Importer(815301076,1909f56bfc062723c751e8b465ee728b)
Start importing Assets/Sprite/SlimeGreen/SlimeBasic_00022.png using Guid(eed4a926becbefc4fa2e89c1c661fe4d) Importer(815301076,1909f56bfc062723c751e8b465ee728b) (PreviewImporter) -> (artifact id: 'c91dd554cd100f6a471a7dcd9ac05bf7') in 0.0591952 seconds
Number of updated asset objects reloaded before import = 0Number of asset objects unloaded after import = 3

========================================================================
Received Import Request.
  Time since last request: 0.000014 seconds.
  path: Assets/Sprite/SlimeGreen/SlimeBasic_00009.png
  artifactKey: Guid(869b302ed6f726145aeaac99fa2b48cd) Importer(815301076,1909f56bfc062723c751e8b465ee728b)
Start importing Assets/Sprite/SlimeGreen/SlimeBasic_00009.png using Guid(869b302ed6f726145aeaac99fa2b48cd) Importer(815301076,1909f56bfc062723c751e8b465ee728b) (PreviewImporter) -> (artifact id: '5e00855d594b253e0f6915f2f57cebd5') in 0.0561288 seconds
Number of updated asset objects reloaded before import = 0Number of asset objects unloaded after import = 3

========================================================================
Received Import Request.
  Time since last request: 0.000020 seconds.
  path: Assets/Sprite/SlimeGreen/SlimeBasic_00027.png
  artifactKey: Guid(316ed013540960647853b1a0b154a92c) Importer(815301076,1909f56bfc062723c751e8b465ee728b)
Start importing Assets/Sprite/SlimeGreen/SlimeBasic_00027.png using Guid(316ed013540960647853b1a0b154a92c) Importer(815301076,1909f56bfc062723c751e8b465ee728b) (PreviewImporter) -> (artifact id: 'acdd192d75203f7341399a20596c3ab9') in 0.0101988 seconds
Number of updated asset objects reloaded before import = 0Number of asset objects unloaded after import = 3

========================================================================
Received Import Request.
  Time since last request: 0.000022 seconds.
  path: Assets/Sprite/SlimeGreen/SlimeBasic_00029.png
  artifactKey: Guid(882283817b8cabc40bebaa263ae40b1e) Importer(815301076,1909f56bfc062723c751e8b465ee728b)
Start importing Assets/Sprite/SlimeGreen/SlimeBasic_00029.png using Guid(882283817b8cabc40bebaa263ae40b1e) Importer(815301076,1909f56bfc062723c751e8b465ee728b) (PreviewImporter) -> (artifact id: '85fce87dc82065731f43f7c2b22fbb06') in 0.0102512 seconds
Number of updated asset objects reloaded before import = 0Number of asset objects unloaded after import = 3

Editor requested this worker to shutdown with reason: Scaling down because of idle timeout
AssetImportWorker is now disconnected from the server
Process exiting
Exiting without the bug reporter. Application will terminate with return code 0